<?xml version="1.0" encoding="UTF-8" standalone="no"?><!DOCTYPE report PUBLIC "-//JACOCO//DTD Report 1.1//EN" "report.dtd"><report name="Pester (03/02/2021 12:34:09)"><sessioninfo id="this" start="1614688448755" dump="1614688449945" /><package name="2.1.0"><class name="2.1.0/EnvironmentVariableItems" sourcefilename="EnvironmentVariableItems.psm1"><method name="EnvironmentVariableItems" desc="()" line="26"><counter type="INSTRUCTION" missed="4" covered="0" /><counter type="LINE" missed="4" covered="0" /><counter type="METHOD" missed="1" covered="0" /></method><method name="GetName" desc="()" line="60"><counter type="INSTRUCTION" missed="1" covered="0" /><counter type="LINE" missed="1" covered="0" /><counter type="METHOD" missed="1" covered="0" /></method><method name="SetName" desc="()" line="66"><counter type="INSTRUCTION" missed="1" covered="0" /><counter type="LINE" missed="1" covered="0" /><counter type="METHOD" missed="1" covered="0" /></method><method name="GetScope" desc="()" line="71"><counter type="INSTRUCTION" missed="1" covered="0" /><counter type="LINE" missed="1" covered="0" /><counter type="METHOD" missed="1" covered="0" /></method><method name="SetScope" desc="()" line="77"><counter type="INSTRUCTION" missed="1" covered="0" /><counter type="LINE" missed="1" covered="0" /><counter type="METHOD" missed="1" covered="0" /></method><method name="GetSeparator" desc="()" line="82"><counter type="INSTRUCTION" missed="1" covered="0" /><counter type="LINE" missed="1" covered="0" /><counter type="METHOD" missed="1" covered="0" /></method><method name="SetSeparator" desc="()" line="88"><counter type="INSTRUCTION" missed="1" covered="0" /><counter type="LINE" missed="1" covered="0" /><counter type="METHOD" missed="1" covered="0" /></method><method name="GetValue" desc="()" line="93"><counter type="INSTRUCTION" missed="3" covered="0" /><counter type="LINE" missed="3" covered="0" /><counter type="METHOD" missed="1" covered="0" /></method><method name="SetValue" desc="()" line="107"><counter type="INSTRUCTION" missed="2" covered="0" /><counter type="LINE" missed="2" covered="0" /><counter type="METHOD" missed="1" covered="0" /></method><method name="GetItems" desc="()" line="119"><counter type="INSTRUCTION" missed="1" covered="0" /><counter type="LINE" missed="1" covered="0" /><counter type="METHOD" missed="1" covered="0" /></method><method name="SetItems" desc="()" line="128"><counter type="INSTRUCTION" missed="6" covered="0" /><counter type="LINE" missed="5" covered="0" /><counter type="METHOD" missed="1" covered="0" /></method><method name="AddItem" desc="()" line="142"><counter type="INSTRUCTION" missed="8" covered="0" /><counter type="LINE" missed="7" covered="0" /><counter type="METHOD" missed="1" covered="0" /></method><method name="GetEnvironmentVariable" desc="()" line="160"><counter type="INSTRUCTION" missed="1" covered="0" /><counter type="LINE" missed="1" covered="0" /><counter type="METHOD" missed="1" covered="0" /></method><method name="GetItemsForScope" desc="()" line="164"><counter type="INSTRUCTION" missed="3" covered="0" /><counter type="LINE" missed="3" covered="0" /><counter type="METHOD" missed="1" covered="0" /></method><method name="GetPositiveIndex" desc="()" line="177"><counter type="INSTRUCTION" missed="10" covered="0" /><counter type="LINE" missed="8" covered="0" /><counter type="METHOD" missed="1" covered="0" /></method><method name="Init" desc="()" line="197"><counter type="INSTRUCTION" missed="5" covered="0" /><counter type="LINE" missed="5" covered="0" /><counter type="METHOD" missed="1" covered="0" /></method><method name="RemoveItemByIndex" desc="()" line="207"><counter type="INSTRUCTION" missed="6" covered="0" /><counter type="LINE" missed="5" covered="0" /><counter type="METHOD" missed="1" covered="0" /></method><method name="RemoveItemByItem" desc="()" line="218"><counter type="INSTRUCTION" missed="9" covered="0" /><counter type="LINE" missed="8" covered="0" /><counter type="METHOD" missed="1" covered="0" /></method><method name="SetEnvironmentVariable" desc="()" line="234"><counter type="INSTRUCTION" missed="2" covered="0" /><counter type="LINE" missed="2" covered="0" /><counter type="METHOD" missed="1" covered="0" /></method><method name="ShowIndex" desc="()" line="244"><counter type="INSTRUCTION" missed="9" covered="0" /><counter type="LINE" missed="6" covered="0" /><counter type="METHOD" missed="1" covered="0" /></method><method name="ShowIndexes" desc="()" line="260"><counter type="INSTRUCTION" missed="6" covered="0" /><counter type="LINE" missed="6" covered="0" /><counter type="METHOD" missed="1" covered="0" /></method><method name="ToString" desc="()" line="269"><counter type="INSTRUCTION" missed="9" covered="0" /><counter type="LINE" missed="6" covered="0" /><counter type="METHOD" missed="1" covered="0" /></method><method name="GetWhatIf" desc="()" line="281"><counter type="INSTRUCTION" missed="3" covered="0" /><counter type="LINE" missed="3" covered="0" /><counter type="METHOD" missed="1" covered="0" /></method><method name="Add-EnvironmentVariableItem" desc="()" line="384"><counter type="INSTRUCTION" missed="9" covered="0" /><counter type="LINE" missed="9" covered="0" /><counter type="METHOD" missed="1" covered="0" /></method><method name="Get-EnvironmentVariableItems" desc="()" line="475"><counter type="INSTRUCTION" missed="1" covered="0" /><counter type="LINE" missed="1" covered="0" /><counter type="METHOD" missed="1" covered="0" /></method><method name="Remove-EnvironmentVariableItem" desc="()" line="613"><counter type="INSTRUCTION" missed="10" covered="0" /><counter type="LINE" missed="10" covered="0" /><counter type="METHOD" missed="1" covered="0" /></method><method name="Show-EnvironmentVariableItems" desc="()" line="708"><counter type="INSTRUCTION" missed="3" covered="0" /><counter type="LINE" missed="3" covered="0" /><counter type="METHOD" missed="1" covered="0" /></method><counter type="INSTRUCTION" missed="116" covered="0" /><counter type="LINE" missed="104" covered="0" /><counter type="METHOD" missed="27" covered="0" /><counter type="CLASS" missed="1" covered="0" /></class><sourcefile name="EnvironmentVariableItems.psm1"><line nr="26" mi="1" ci="0" mb="0" cb="0" /><line nr="34" mi="1" ci="0" mb="0" cb="0" /><line nr="42" mi="1" ci="0" mb="0" cb="0" /><line nr="51" mi="1" ci="0" mb="0" cb="0" /><line nr="60" mi="1" ci="0" mb="0" cb="0" /><line nr="66" mi="1" ci="0" mb="0" cb="0" /><line nr="71" mi="1" ci="0" mb="0" cb="0" /><line nr="77" mi="1" ci="0" mb="0" cb="0" /><line nr="82" mi="1" ci="0" mb="0" cb="0" /><line nr="88" mi="1" ci="0" mb="0" cb="0" /><line nr="93" mi="1" ci="0" mb="0" cb="0" /><line nr="100" mi="1" ci="0" mb="0" cb="0" /><line nr="101" mi="1" ci="0" mb="0" cb="0" /><line nr="107" mi="1" ci="0" mb="0" cb="0" /><line nr="114" mi="1" ci="0" mb="0" cb="0" /><line nr="119" mi="1" ci="0" mb="0" cb="0" /><line nr="128" mi="1" ci="0" mb="0" cb="0" /><line nr="129" mi="2" ci="0" mb="0" cb="0" /><line nr="131" mi="1" ci="0" mb="0" cb="0" /><line nr="132" mi="1" ci="0" mb="0" cb="0" /><line nr="133" mi="1" ci="0" mb="0" cb="0" /><line nr="142" mi="1" ci="0" mb="0" cb="0" /><line nr="143" mi="1" ci="0" mb="0" cb="0" /><line nr="151" mi="1" ci="0" mb="0" cb="0" /><line nr="152" mi="2" ci="0" mb="0" cb="0" /><line nr="153" mi="1" ci="0" mb="0" cb="0" /><line nr="154" mi="1" ci="0" mb="0" cb="0" /><line nr="156" mi="1" ci="0" mb="0" cb="0" /><line nr="160" mi="1" ci="0" mb="0" cb="0" /><line nr="164" mi="1" ci="0" mb="0" cb="0" /><line nr="165" mi="1" ci="0" mb="0" cb="0" /><line nr="167" mi="1" ci="0" mb="0" cb="0" /><line nr="177" mi="3" ci="0" mb="0" cb="0" /><line nr="178" mi="1" ci="0" mb="0" cb="0" /><line nr="179" mi="1" ci="0" mb="0" cb="0" /><line nr="181" mi="1" ci="0" mb="0" cb="0" /><line nr="184" mi="1" ci="0" mb="0" cb="0" /><line nr="185" mi="1" ci="0" mb="0" cb="0" /><line nr="186" mi="1" ci="0" mb="0" cb="0" /><line nr="188" mi="1" ci="0" mb="0" cb="0" /><line nr="197" mi="1" ci="0" mb="0" cb="0" /><line nr="198" mi="1" ci="0" mb="0" cb="0" /><line nr="199" mi="1" ci="0" mb="0" cb="0" /><line nr="200" mi="1" ci="0" mb="0" cb="0" /><line nr="201" mi="1" ci="0" mb="0" cb="0" /><line nr="207" mi="1" ci="0" mb="0" cb="0" /><line nr="208" mi="2" ci="0" mb="0" cb="0" /><line nr="209" mi="1" ci="0" mb="0" cb="0" /><line nr="210" mi="1" ci="0" mb="0" cb="0" /><line nr="212" mi="1" ci="0" mb="0" cb="0" /><line nr="218" mi="1" ci="0" mb="0" cb="0" /><line nr="219" mi="2" ci="0" mb="0" cb="0" /><line nr="220" mi="1" ci="0" mb="0" cb="0" /><line nr="221" mi="1" ci="0" mb="0" cb="0" /><line nr="223" mi="1" ci="0" mb="0" cb="0" /><line nr="224" mi="1" ci="0" mb="0" cb="0" /><line nr="225" mi="1" ci="0" mb="0" cb="0" /><line nr="226" mi="1" ci="0" mb="0" cb="0" /><line nr="234" mi="1" ci="0" mb="0" cb="0" /><line nr="235" mi="1" ci="0" mb="0" cb="0" /><line nr="244" mi="1" ci="0" mb="0" cb="0" /><line nr="245" mi="1" ci="0" mb="0" cb="0" /><line nr="252" mi="1" ci="0" mb="0" cb="0" /><line nr="253" mi="3" ci="0" mb="0" cb="0" /><line nr="254" mi="2" ci="0" mb="0" cb="0" /><line nr="256" mi="1" ci="0" mb="0" cb="0" /><line nr="260" mi="1" ci="0" mb="0" cb="0" /><line nr="261" mi="1" ci="0" mb="0" cb="0" /><line nr="262" mi="1" ci="0" mb="0" cb="0" /><line nr="263" mi="1" ci="0" mb="0" cb="0" /><line nr="264" mi="1" ci="0" mb="0" cb="0" /><line nr="265" mi="1" ci="0" mb="0" cb="0" /><line nr="269" mi="1" ci="0" mb="0" cb="0" /><line nr="270" mi="1" ci="0" mb="0" cb="0" /><line nr="271" mi="3" ci="0" mb="0" cb="0" /><line nr="272" mi="2" ci="0" mb="0" cb="0" /><line nr="273" mi="1" ci="0" mb="0" cb="0" /><line nr="275" mi="1" ci="0" mb="0" cb="0" /><line nr="281" mi="1" ci="0" mb="0" cb="0" /><line nr="284" mi="1" ci="0" mb="0" cb="0" /><line nr="286" mi="1" ci="0" mb="0" cb="0" /><line nr="384" mi="1" ci="0" mb="0" cb="0" /><line nr="386" mi="1" ci="0" mb="0" cb="0" /><line nr="387" mi="1" ci="0" mb="0" cb="0" /><line nr="389" mi="1" ci="0" mb="0" cb="0" /><line nr="392" mi="1" ci="0" mb="0" cb="0" /><line nr="393" mi="1" ci="0" mb="0" cb="0" /><line nr="394" mi="1" ci="0" mb="0" cb="0" /><line nr="395" mi="1" ci="0" mb="0" cb="0" /><line nr="396" mi="1" ci="0" mb="0" cb="0" /><line nr="475" mi="1" ci="0" mb="0" cb="0" /><line nr="613" mi="1" ci="0" mb="0" cb="0" /><line nr="615" mi="1" ci="0" mb="0" cb="0" /><line nr="616" mi="1" ci="0" mb="0" cb="0" /><line nr="617" mi="1" ci="0" mb="0" cb="0" /><line nr="618" mi="1" ci="0" mb="0" cb="0" /><line nr="621" mi="1" ci="0" mb="0" cb="0" /><line nr="622" mi="1" ci="0" mb="0" cb="0" /><line nr="623" mi="1" ci="0" mb="0" cb="0" /><line nr="624" mi="1" ci="0" mb="0" cb="0" /><line nr="625" mi="1" ci="0" mb="0" cb="0" /><line nr="708" mi="1" ci="0" mb="0" cb="0" /><line nr="709" mi="1" ci="0" mb="0" cb="0" /><line nr="711" mi="1" ci="0" mb="0" cb="0" /><counter type="INSTRUCTION" missed="116" covered="0" /><counter type="LINE" missed="104" covered="0" /><counter type="METHOD" missed="27" covered="0" /><counter type="CLASS" missed="1" covered="0" /></sourcefile><counter type="INSTRUCTION" missed="116" covered="0" /><counter type="LINE" missed="104" covered="0" /><counter type="METHOD" missed="27" covered="0" /><counter type="CLASS" missed="1" covered="0" /></package><counter type="INSTRUCTION" missed="116" covered="0" /><counter type="LINE" missed="104" covered="0" /><counter type="METHOD" missed="27" covered="0" /><counter type="CLASS" missed="1" covered="0" /></report>
